<?xml version="1.0" encoding="UTF-8"?>
<testng-results ignored="0" total="1" passed="1" failed="0" skipped="0">
  <reporter-output>
  </reporter-output>
  <suite started-at="2024-05-31T12:22:12 IST" name="Default suite" finished-at="2024-05-31T12:22:34 IST" duration-ms="22465">
    <groups>
    </groups>
    <test started-at="2024-05-31T12:22:12 IST" name="Default test" finished-at="2024-05-31T12:22:34 IST" duration-ms="22465">
      <class name="TestScript.TC02_Test">
        <test-method is-config="true" signature="beforesuite()[pri:0, instance:TestScript.TC02_Test@76494737]" started-at="2024-05-31T12:22:11 IST" name="beforesuite" finished-at="2024-05-31T12:22:12 IST" duration-ms="827" status="PASS">
          <reporter-output>
          </reporter-output>
        </test-method> <!-- beforesuite -->
        <test-method is-config="true" signature="beforeClass(java.lang.String)[pri:0, instance:TestScript.TC02_Test@76494737]" started-at="2024-05-31T12:22:12 IST" name="beforeClass" finished-at="2024-05-31T12:22:21 IST" duration-ms="8858" status="PASS">
          <params>
            <param index="0">
              <value>
                <![CDATA[Chrome]]>
              </value>
            </param>
          </params>
          <reporter-output>
          </reporter-output>
        </test-method> <!-- beforeClass -->
        <test-method is-config="true" signature="beforeMethod(java.lang.reflect.Method)[pri:0, instance:TestScript.TC02_Test@76494737]" started-at="2024-05-31T12:22:21 IST" name="beforeMethod" finished-at="2024-05-31T12:22:26 IST" duration-ms="4816" status="PASS">
          <params>
            <param index="0">
              <value>
                <![CDATA[public void TestScript.TC02_Test.scrolldown() throws java.lang.Throwable]]>
              </value>
            </param>
          </params>
          <reporter-output>
          </reporter-output>
        </test-method> <!-- beforeMethod -->
        <test-method signature="scrolldown()[pri:0, instance:TestScript.TC02_Test@76494737]" started-at="2024-05-31T12:22:26 IST" name="scrolldown" finished-at="2024-05-31T12:22:33 IST" duration-ms="7331" status="PASS">
          <reporter-output>
          </reporter-output>
        </test-method> <!-- scrolldown -->
        <test-method is-config="true" signature="aftermethod()[pri:0, instance:TestScript.TC02_Test@76494737]" started-at="2024-05-31T12:22:33 IST" name="aftermethod" finished-at="2024-05-31T12:22:34 IST" duration-ms="917" status="PASS">
          <reporter-output>
          </reporter-output>
        </test-method> <!-- aftermethod -->
        <test-method is-config="true" signature="afterclass()[pri:0, instance:TestScript.TC02_Test@76494737]" started-at="2024-05-31T12:22:34 IST" name="afterclass" finished-at="2024-05-31T12:22:34 IST" duration-ms="446" status="PASS">
          <reporter-output>
          </reporter-output>
        </test-method> <!-- afterclass -->
        <test-method is-config="true" signature="aftersuite()[pri:0, instance:TestScript.TC02_Test@76494737]" started-at="2024-05-31T12:22:34 IST" name="aftersuite" finished-at="2024-05-31T12:22:35 IST" duration-ms="792" status="PASS">
          <reporter-output>
          </reporter-output>
        </test-method> <!-- aftersuite -->
      </class> <!-- TestScript.TC02_Test -->
    </test> <!-- Default test -->
  </suite> <!-- Default suite -->
</testng-results>
